<component name="libraryTable">
  <library name="junit-jupiter-params-5.9.2">
    <CLASSES>
      <root url="jar://$MAVEN_REPOSITORY$/org/junit/jupiter/junit-jupiter-params/5.9.2/junit-jupiter-params-5.9.2.jar!/" />
    </CLASSES>
    <JAVADOC />
    <SOURCES />
  </library>
</component>